
> quant-atelier-mvp@0.1.0 dev:server
> nitro dev


[32m  ➜ Local:   [39m [36m[4mhttp://localhost:[1m3000[22m/[24m[39m
[90m  ➜ Network:  use [37m--host[90m to expose[39m

[nitro] build:before: 0.286ms
[nitro] rollup:before: 0.032ms
[nitro] dev:start: 0.146ms
[nitro] types:extend: 0.019ms
[90m[[90mnitro[90m][39m [32m√[39m Nitro Server built in 2023ms
[nitro] compiled: 10.161ms
[nitro] dev:reload: 3.453ms
> Nitro Start (13ms)
[nitro-runtime] request: 0.347ms
[nitro-runtime] beforeResponse: 0.069ms
[nitro-runtime] afterResponse: 0.048ms
[nitro-runtime] request: 0.182ms
[nitro-runtime] beforeResponse: 0.042ms
[nitro-runtime] request: 0.142ms
[nitro-runtime] beforeResponse: 0.039ms
[nitro-runtime] request: 0.125ms
[nitro-runtime] beforeResponse: 0.104ms
[nitro-runtime] afterResponse: 0.143ms
[nitro-runtime] afterResponse: 0.016ms
[nitro-runtime] afterResponse: 0.104ms
[nitro-runtime] request: 0.068ms
[nitro-runtime] beforeResponse: 0.025ms
[nitro-runtime] afterResponse: 0.023ms
[nitro-runtime] request: 0.059ms
[nitro-runtime] beforeResponse: 0.01ms
[nitro-runtime] afterResponse: 0.018ms
^C